================================================================================
EX 0  label=0
--- RAW prompt (last 200 chars) ---
...is correct, NO if the proposed answer is incorrect.

Question: Ladon the dragon was killed by Heracles while guarding which of the twelve labours?
Proposed answer: The apples of the Hesperides
Answer:

--- gemma-4 strategy wrap (last 200) ---
...is correct, NO if the proposed answer is incorrect.

Question: Ladon the dragon was killed by Heracles while guarding which of the twelve labours?
Proposed answer: The apples of the Hesperides
Answer:
--- gemma-3-12b strategy wrap (last 200) ---
...is correct, NO if the proposed answer is incorrect.

Question: Ladon the dragon was killed by Heracles while guarding which of the twelve labours?
Proposed answer: The apples of the Hesperides
Answer:

w4==w3 ? True   w4 has '<start_of_turn>'? False   raw has it? False
apply_chat_template available? True  has marker? False

COMMIT top-6 via gemma-4 strategy wrap (ntok=69):
    (669, "' The'", 0.9658)
    (107, "'\\n'", 0.0292)
    (108, "'\\n\\n'", 0.0021)
    (8438, "' Yes'", 0.0006)
    (870, "' ['", 0.0003)
    (562, "' A'", 0.0003)
COMMIT top-6 via apply_chat_template (ntok=82):
    (26915, "'YES'", 1.0)
    (7018, "'NO'", 0.0)
    (51327, "' YES'", 0.0)
    (7925, "'Answer'", 0.0)
    (100, "'<|channel>'", 0.0)
    (236771, "'0'", 0.0)
================================================================================
EX 1  label=0
--- RAW prompt (last 200 chars) ---
...uestion: Defence Secretary Liam Fox resigned in October 2011, who was his best-man and adviser whose presence at many official engagements led to the resignation?
Proposed answer: Adam Werrity
Answer:

--- gemma-4 strategy wrap (last 200) ---
...uestion: Defence Secretary Liam Fox resigned in October 2011, who was his best-man and adviser whose presence at many official engagements led to the resignation?
Proposed answer: Adam Werrity
Answer:
--- gemma-3-12b strategy wrap (last 200) ---
...uestion: Defence Secretary Liam Fox resigned in October 2011, who was his best-man and adviser whose presence at many official engagements led to the resignation?
Proposed answer: Adam Werrity
Answer:

w4==w3 ? True   w4 has '<start_of_turn>'? False   raw has it? False
apply_chat_template available? True  has marker? False

COMMIT top-6 via gemma-4 strategy wrap (ntok=81):
    (18239, "' Adam'", 0.9182)
    (107, "'\\n'", 0.0665)
    (108, "'\\n\\n'", 0.0048)
    (72484, "' Liam'", 0.0026)
    (236743, "' '", 0.0023)
    (568, "' ('", 0.0007)
COMMIT top-6 via apply_chat_template (ntok=94):
    (26915, "'YES'", 0.9988)
    (7018, "'NO'", 0.0012)
    (7925, "'Answer'", 0.0)
    (3771, "'No'", 0.0)
    (51327, "' YES'", 0.0)
    (14977, "'Question'", 0.0)
