=== ANLI Sun Jun 21 08:17:34 PDT 2026 ===
[g4-full] mlx-community/gemma-4-12B-it-qat-4bit anli_r1 layers=48 tags={'final': 47, 'mid': 24, 'last_minus_1': 46} d=3840 ace_cells=21 ro_cells=6
  0/200 kept=1
  25/200 kept=26
  50/200 kept=51
  75/200 kept=76
  100/200 kept=101
  125/200 kept=126
  150/200 kept=151
  175/200 kept=176
G4_FULL_RESULT
{
  "task": "anli_r1",
  "n_aligned": 200,
  "geom_winner": "Fusion fusion_rank_mean_geom @ step 0",
  "geom_ci_lo": 0.6908116039426523,
  "geom_deployable": true,
  "primary_winner": "Fusion fusion_rank_mean_geom @ step 0",
  "primary_ci_lo": 0.6829213277095176,
  "primary_deployable": true,
  "controls_pass": true
}
=== TRIVIA Sun Jun 21 15:48:03 PDT 2026 ===
[g4-full] mlx-community/gemma-4-12B-it-qat-4bit triviaqa_paired layers=48 tags={'final': 47, 'mid': 24, 'last_minus_1': 46} d=3840 ace_cells=21 ro_cells=6
  0/200 kept=1
  25/200 kept=26
  50/200 kept=51
  75/200 kept=76
  100/200 kept=101
  125/200 kept=126
  150/200 kept=151
  175/200 kept=176
G4_FULL_RESULT
{
  "task": "triviaqa_paired",
  "n_aligned": 200,
  "geom_winner": "Fusion fusion_rank_mean_geom @ step 0",
  "geom_ci_lo": 0.7506638858246001,
  "geom_deployable": true,
  "primary_winner": "Fusion fusion_rank_mean_geom @ step 0",
  "primary_ci_lo": 0.7475992063492064,
  "primary_deployable": true,
  "controls_pass": true
}
