[g4-full] mlx-community/gemma-4-12B-it-qat-4bit triviaqa_paired layers=48 tags={'final': 47, 'mid': 24, 'last_minus_1': 46} d=3840 ace_cells=21 ro_cells=6
  0/200 kept=1
  25/200 kept=26
  50/200 kept=51
  75/200 kept=76
  100/200 kept=101
  125/200 kept=126
  150/200 kept=151
  175/200 kept=176
G4_FULL_RESULT
{
  "task": "triviaqa_paired",
  "n_aligned": 200,
  "geom_winner": "attention[last_minus_1_v_norm_lastq_weighted] @ step 0",
  "geom_ci_lo": 0.368092843674239,
  "geom_deployable": false,
  "primary_winner": "attention[last_minus_1_v_norm_lastq_weighted] @ step 0",
  "primary_ci_lo": 0.3685497080658371,
  "primary_deployable": false,
  "controls_pass": true
}
