=== setup start (Thu Jun 18 11:01:55 PDT 2026) base python: /opt/homebrew/bin/python3.12 ===
Python 3.12.13
creating venv
installing mlx + mlx-lm (latest) + hf_hub ...
WARNING: Cache entry deserialization failed, entry ignored
=== version / gemma4 support ===
mlx_lm 0.31.3
gemma4_module True
gemma4_unified_module False
=== download gemma-4-12B-it-qat-4bit ===
Warning: You are sending unauthenticated requests to the HF Hub. Please set a HF_TOKEN to enable higher rate limits and faster downloads.
/Users/msrk/.cache/huggingface/hub/models--mlx-community--gemma-4-12B-it-qat-4bit/snapshots/e70c6b3ba0979b3357dcd2f223ad8bde7787a6b6
=== introspect ===
mlx_lm version: 0.31.3
Traceback (most recent call last):
  File "/Users/msrk/Documents/commit-confluence/.venv_gemma4/lib/python3.12/site-packages/mlx_lm/utils.py", line 188, in _get_classes
    arch = importlib.import_module(f"mlx_lm.models.{model_type}")
           ^^^^^^^^^^^^^^^^^^^^^^^^^^^^^^^^^^^^^^^^^^^^^^^^^^^^^^
  File "/opt/homebrew/Cellar/python@3.12/3.12.13_2/Frameworks/Python.framework/Versions/3.12/lib/python3.12/importlib/__init__.py", line 90, in import_module
    return _bootstrap._gcd_import(name[level:], package, level)
           ^^^^^^^^^^^^^^^^^^^^^^^^^^^^^^^^^^^^^^^^^^^^^^^^^^^^
  File "<frozen importlib._bootstrap>", line 1387, in _gcd_import
  File "<frozen importlib._bootstrap>", line 1360, in _find_and_load
  File "<frozen importlib._bootstrap>", line 1324, in _find_and_load_unlocked
ModuleNotFoundError: No module named 'mlx_lm.models.gemma4_unified'

During handling of the above exception, another exception occurred:

Traceback (most recent call last):
  File "/Users/msrk/Documents/commit-confluence/stage_b/introspect_gemma4.py", line 8, in <module>
    model, tok = load(MID)
                 ^^^^^^^^^
  File "/Users/msrk/Documents/commit-confluence/.venv_gemma4/lib/python3.12/site-packages/mlx_lm/utils.py", line 491, in load
    model, config = load_model(model_path, lazy, model_config=model_config)
                    ^^^^^^^^^^^^^^^^^^^^^^^^^^^^^^^^^^^^^^^^^^^^^^^^^^^^^^^
  File "/Users/msrk/Documents/commit-confluence/.venv_gemma4/lib/python3.12/site-packages/mlx_lm/utils.py", line 334, in load_model
    model_class, model_args_class = get_model_classes(config=config)
                                    ^^^^^^^^^^^^^^^^^^^^^^^^^^^^^^^^
  File "/Users/msrk/Documents/commit-confluence/.venv_gemma4/lib/python3.12/site-packages/mlx_lm/utils.py", line 191, in _get_classes
    raise ValueError(msg)
ValueError: Model type gemma4_unified not supported.
=== setup done (Thu Jun 18 11:17:17 PDT 2026) ===
