=== install mlx-lm git main (Thu Jun 18 11:30:24 PDT 2026) ===
=== install mlx-vlm ===
=== loader probe ===
mlx_lm 0.31.3 gemma4_unified_module: False
MLX_LM_LOAD_FAIL ValueError Model type gemma4_unified not supported.
mlx_vlm installed: True
MLX_VLM_LOAD_OK Model
LAYERS at language_model.model.layers n= 48
ATTN Attention attrs: ['apply', 'apply_to_modules', 'children', 'clear', 'config', 'copy', 'eval', 'filter_and_map', 'freeze', 'fromkeys', 'get', 'head_dim', 'is_kv_shared_layer', 'is_module', 'is_sliding', 'items', 'keys', 'kv_shared_only', 'layer_idx', 'layer_type', 'leaf_modules', 'load_weights', 'modules', 'n_heads', 'n_kv_heads', 'named_modules', 'parameters', 'pop', 'popitem', 'save_weights']
ATTN_SRC_BEGIN
    def __call__(
        self,
        x: mx.array,
        mask: Optional[mx.array] = None,
        cache: Optional[Any] = None,
        shared_kv: Optional[tuple] = None,
        offset: Optional[Any] = None,
    ) -> mx.array:
        B, L, _ = x.shape

        queries = self.q_proj(x).reshape(B, L, self.n_heads, self.head_dim)
        queries = self.q_norm(queries)

        if shared_kv is not None:
            keys, values = shared_kv
        else:
            keys = self.k_proj(x).reshape(B, L, self.n_kv_heads, self.head_dim)

            # k_eq_v: values from raw k_proj (before k_norm)
            if self.use_k_eq_v:
                values = keys
            else:
                values = self.v_proj(x).reshape(B, L, self.n_kv_heads, self.head_dim)

            offset = mx.array(cache.offset) if cache is not None else 0

            keys = self.k_norm(keys)
            keys = keys.transpose(0, 2, 1, 3)
            keys = self.rope(keys, offset=offset)

            values = self.v_norm(values)
            values = values.transpose(0, 2, 1, 3)

            if cache is not None:
                keys, values = cache.update_and_fetch(keys, values)

        queries = queries.transpose(0, 2, 1, 3)
        queries = self.rope(queries, offset=offset)

        output = scaled_dot_product_attention(
            queries, keys, values, cache=cache, scale=self.scale, mask=mask
        )
        output = output.transpose(0, 2, 1, 3).reshape(B, L, -1)

        return self.o_proj(output), (keys, values), offset

ATTN_SRC_END
LOADERS_DONE
=== done (Thu Jun 18 11:35:28 PDT 2026) ===
