
  Loading model: mlx-community/gemma-3-12b-it-4bit
     Layers: 48 | Probed: {'final': 47} | Output projection: lm_head (V=262208, D=3840)
[ace] gemma-3-12b-it-4bit 8/8

  Loading model: mlx-community/gemma-3-12b-it-4bit
     Layers: 48 | Probed: {'final': 47} | Output projection: lm_head (V=262208, D=3840)
[inventory] benchmark=anli_r1 path=stage_b/data/anli_R1_seed20260612_n200.jsonl
[trace] model=mlx-community/gemma-3-12b-it-4bit
[trace] samples=8 K=512 final_layer=final d=3840 V=262208
[trace] commit instant: gen_step=1; pinned aggregate = final 25% block logit lens plus readout
[trace] n_layers=48; pinned_late_layers=[36, 37, 38, 39, 40, 41, 42, 43, 44, 45, 46, 47]
[trace]   1/8 processed; usable=1
[trace]   2/8 processed; usable=2
[trace]   3/8 processed; usable=3
[trace]   4/8 processed; usable=4
[trace]   5/8 processed; usable=5
[trace]   6/8 processed; usable=6
[trace]   7/8 processed; usable=7
[trace]   8/8 processed; usable=8
SMOKE_OK
geom winner: attention[final_js] @ step 0 ci_lo: 0.5 dep: False
primary winner: attention[final_js] @ step 0 ci_lo: 0.5
controls_pass: True
n_aligned: 8 ace_hash: d73a23a426a7
